<!DOCTYPE html>
<html>
<head>
    <title>Unittest Results</title>
    <meta charset="utf-8">
    <meta name="viewport" content="width=device-width, initial-scale=1.0">
    <link rel="stylesheet" href="https://maxcdn.bootstrapcdn.com/bootstrap/3.3.6/css/bootstrap.min.css" integrity="sha384-1q8mTJOASx8j1Au+a5WDVnPi2lkFfwwEAa8hDDdjZlpLegxhjVME1fgjWPGmkzs7" crossorigin="anonymous">
</head>
<body>
    <div class="container">
        <div class="row">
            <div class="col-xs-12">
                <h2 class="text-capitalize">Unittest Results</h2>
                <p class='attribute'><strong>Start Time: </strong>2024-04-29 15:44:44</p>
                <p class='attribute'><strong>Duration: </strong>77.23 s</p>
                <p class='attribute'><strong>Summary: </strong>Total: 4, Pass: 1, Error: 3</p>
            </div>
        </div>
        <div class="row">
            <div class="col-xs-12 col-sm-10 col-md-10">
                <table class='table table-hover table-responsive'>
                    <thead>
                        <tr>
                            <th>__main__.LoginTest</th>
                            <th>Status</th>
                            <th></th>
                        </tr>
                    </thead>
                    <tbody>
                        <tr class='success'>
                            <td class="col-xs-10">test_01valid_login</td>
                            <td class="col-xs-1">
                                <span class="label label-success" style="display:block;width:40px;">Pass</span>
                            </td>
                            <td class="col-xs-1">
                            </td>
                        </tr>
                        <tr class='warning'>
                            <td class="col-xs-10">test_02invalid_email</td>
                            <td class="col-xs-1">
                                <span class="label label-warning" style="display:block;width:40px;">Error</span>
                            </td>
                            <td class="col-xs-1">
                                <button class="btn btn-default btn-xs">View</button>
                            </td>
                        </tr>
                        <tr style="display:none;">
                            <td class="col-xs-9" colspan="3"><p style="color:maroon;">NoSuchWindowException: Message: no such window: target window already closed
from unknown error: web view not found
  (Session info: chrome=123.0.6312.123)
Stacktrace:
	GetHandleVerifier [0x00007FF755DC7032+63090]
	(No symbol) [0x00007FF755D32C82]
	(No symbol) [0x00007FF755BCEC65]
	(No symbol) [0x00007FF755BACA7C]
	(No symbol) [0x00007FF755C3D687]
	(No symbol) [0x00007FF755C52AC1]
	(No symbol) [0x00007FF755C36D83]
	(No symbol) [0x00007FF755C083A8]
	(No symbol) [0x00007FF755C09441]
	GetHandleVerifier [0x00007FF7561C25AD+4238317]
	GetHandleVerifier [0x00007FF7561FF70D+4488525]
	GetHandleVerifier [0x00007FF7561F79EF+4456495]
	GetHandleVerifier [0x00007FF755EA0576+953270]
	(No symbol) [0x00007FF755D3E54F]
	(No symbol) [0x00007FF755D39224]
	(No symbol) [0x00007FF755D3935B]
	(No symbol) [0x00007FF755D29B94]
	BaseThreadInitThunk [0x00007FFD8CF57344+20]
	RtlUserThreadStart [0x00007FFD8ED426B1+33]
</p><p style="color:maroon;">Traceback (most recent call last):
  File "e:\owasp_juice_shop\tests\login.py", line 53, in test_02invalid_email
    self.navigateToLogin()
  File "e:\owasp_juice_shop\tests\login.py", line 27, in navigateToLogin
    account_button = WebDriverWait(self.driver, 5).until(EC.element_to_be_clickable((By.XPATH, "//button[@aria-label='Show/hide account menu']")))
  File "C:\Python10\lib\site-packages\selenium\webdriver\support\wait.py", line 96, in until
    value = method(self._driver)
  File "C:\Python10\lib\site-packages\selenium\webdriver\support\expected_conditions.py", line 363, in _predicate
    target = driver.find_element(*target)  # grab element at locator
  File "C:\Python10\lib\site-packages\selenium\webdriver\remote\webdriver.py", line 741, in find_element
    return self.execute(Command.FIND_ELEMENT, {"using": by, "value": value})["value"]
  File "C:\Python10\lib\site-packages\selenium\webdriver\remote\webdriver.py", line 347, in execute
    self.error_handler.check_response(response)
  File "C:\Python10\lib\site-packages\selenium\webdriver\remote\errorhandler.py", line 229, in check_response
    raise exception_class(message, screen, stacktrace)
selenium.common.exceptions.NoSuchWindowException: Message: no such window: target window already closed
from unknown error: web view not found
  (Session info: chrome=123.0.6312.123)
Stacktrace:
	GetHandleVerifier [0x00007FF755DC7032+63090]
	(No symbol) [0x00007FF755D32C82]
	(No symbol) [0x00007FF755BCEC65]
	(No symbol) [0x00007FF755BACA7C]
	(No symbol) [0x00007FF755C3D687]
	(No symbol) [0x00007FF755C52AC1]
	(No symbol) [0x00007FF755C36D83]
	(No symbol) [0x00007FF755C083A8]
	(No symbol) [0x00007FF755C09441]
	GetHandleVerifier [0x00007FF7561C25AD+4238317]
	GetHandleVerifier [0x00007FF7561FF70D+4488525]
	GetHandleVerifier [0x00007FF7561F79EF+4456495]
	GetHandleVerifier [0x00007FF755EA0576+953270]
	(No symbol) [0x00007FF755D3E54F]
	(No symbol) [0x00007FF755D39224]
	(No symbol) [0x00007FF755D3935B]
	(No symbol) [0x00007FF755D29B94]
	BaseThreadInitThunk [0x00007FFD8CF57344+20]
	RtlUserThreadStart [0x00007FFD8ED426B1+33]

</p>
                            </td>
                        </tr>
                        <tr class='warning'>
                            <td class="col-xs-10">test_03invalid_password</td>
                            <td class="col-xs-1">
                                <span class="label label-warning" style="display:block;width:40px;">Error</span>
                            </td>
                            <td class="col-xs-1">
                                <button class="btn btn-default btn-xs">View</button>
                            </td>
                        </tr>
                        <tr style="display:none;">
                            <td class="col-xs-9" colspan="3"><p style="color:maroon;">NoSuchWindowException: Message: no such window: target window already closed
from unknown error: web view not found
  (Session info: chrome=123.0.6312.123)
Stacktrace:
	GetHandleVerifier [0x00007FF755DC7032+63090]
	(No symbol) [0x00007FF755D32C82]
	(No symbol) [0x00007FF755BCEC65]
	(No symbol) [0x00007FF755BACA7C]
	(No symbol) [0x00007FF755C3D687]
	(No symbol) [0x00007FF755C52AC1]
	(No symbol) [0x00007FF755C36D83]
	(No symbol) [0x00007FF755C083A8]
	(No symbol) [0x00007FF755C09441]
	GetHandleVerifier [0x00007FF7561C25AD+4238317]
	GetHandleVerifier [0x00007FF7561FF70D+4488525]
	GetHandleVerifier [0x00007FF7561F79EF+4456495]
	GetHandleVerifier [0x00007FF755EA0576+953270]
	(No symbol) [0x00007FF755D3E54F]
	(No symbol) [0x00007FF755D39224]
	(No symbol) [0x00007FF755D3935B]
	(No symbol) [0x00007FF755D29B94]
	BaseThreadInitThunk [0x00007FFD8CF57344+20]
	RtlUserThreadStart [0x00007FFD8ED426B1+33]
</p><p style="color:maroon;">Traceback (most recent call last):
  File "e:\owasp_juice_shop\tests\login.py", line 22, in setUp
    self.driver.get("https://demo.owasp-juice.shop/")
  File "C:\Python10\lib\site-packages\selenium\webdriver\remote\webdriver.py", line 356, in get
    self.execute(Command.GET, {"url": url})
  File "C:\Python10\lib\site-packages\selenium\webdriver\remote\webdriver.py", line 347, in execute
    self.error_handler.check_response(response)
  File "C:\Python10\lib\site-packages\selenium\webdriver\remote\errorhandler.py", line 229, in check_response
    raise exception_class(message, screen, stacktrace)
selenium.common.exceptions.NoSuchWindowException: Message: no such window: target window already closed
from unknown error: web view not found
  (Session info: chrome=123.0.6312.123)
Stacktrace:
	GetHandleVerifier [0x00007FF755DC7032+63090]
	(No symbol) [0x00007FF755D32C82]
	(No symbol) [0x00007FF755BCEC65]
	(No symbol) [0x00007FF755BACA7C]
	(No symbol) [0x00007FF755C3D687]
	(No symbol) [0x00007FF755C52AC1]
	(No symbol) [0x00007FF755C36D83]
	(No symbol) [0x00007FF755C083A8]
	(No symbol) [0x00007FF755C09441]
	GetHandleVerifier [0x00007FF7561C25AD+4238317]
	GetHandleVerifier [0x00007FF7561FF70D+4488525]
	GetHandleVerifier [0x00007FF7561F79EF+4456495]
	GetHandleVerifier [0x00007FF755EA0576+953270]
	(No symbol) [0x00007FF755D3E54F]
	(No symbol) [0x00007FF755D39224]
	(No symbol) [0x00007FF755D3935B]
	(No symbol) [0x00007FF755D29B94]
	BaseThreadInitThunk [0x00007FFD8CF57344+20]
	RtlUserThreadStart [0x00007FFD8ED426B1+33]

</p>
                            </td>
                        </tr>
                        <tr class='warning'>
                            <td class="col-xs-10">test_04invalid_email_password</td>
                            <td class="col-xs-1">
                                <span class="label label-warning" style="display:block;width:40px;">Error</span>
                            </td>
                            <td class="col-xs-1">
                                <button class="btn btn-default btn-xs">View</button>
                            </td>
                        </tr>
                        <tr style="display:none;">
                            <td class="col-xs-9" colspan="3"><p style="color:maroon;">NoSuchWindowException: Message: no such window: target window already closed
from unknown error: web view not found
  (Session info: chrome=123.0.6312.123)
Stacktrace:
	GetHandleVerifier [0x00007FF755DC7032+63090]
	(No symbol) [0x00007FF755D32C82]
	(No symbol) [0x00007FF755BCEC65]
	(No symbol) [0x00007FF755BACA7C]
	(No symbol) [0x00007FF755C3D687]
	(No symbol) [0x00007FF755C52AC1]
	(No symbol) [0x00007FF755C36D83]
	(No symbol) [0x00007FF755C083A8]
	(No symbol) [0x00007FF755C09441]
	GetHandleVerifier [0x00007FF7561C25AD+4238317]
	GetHandleVerifier [0x00007FF7561FF70D+4488525]
	GetHandleVerifier [0x00007FF7561F79EF+4456495]
	GetHandleVerifier [0x00007FF755EA0576+953270]
	(No symbol) [0x00007FF755D3E54F]
	(No symbol) [0x00007FF755D39224]
	(No symbol) [0x00007FF755D3935B]
	(No symbol) [0x00007FF755D29B94]
	BaseThreadInitThunk [0x00007FFD8CF57344+20]
	RtlUserThreadStart [0x00007FFD8ED426B1+33]
</p><p style="color:maroon;">Traceback (most recent call last):
  File "e:\owasp_juice_shop\tests\login.py", line 22, in setUp
    self.driver.get("https://demo.owasp-juice.shop/")
  File "C:\Python10\lib\site-packages\selenium\webdriver\remote\webdriver.py", line 356, in get
    self.execute(Command.GET, {"url": url})
  File "C:\Python10\lib\site-packages\selenium\webdriver\remote\webdriver.py", line 347, in execute
    self.error_handler.check_response(response)
  File "C:\Python10\lib\site-packages\selenium\webdriver\remote\errorhandler.py", line 229, in check_response
    raise exception_class(message, screen, stacktrace)
selenium.common.exceptions.NoSuchWindowException: Message: no such window: target window already closed
from unknown error: web view not found
  (Session info: chrome=123.0.6312.123)
Stacktrace:
	GetHandleVerifier [0x00007FF755DC7032+63090]
	(No symbol) [0x00007FF755D32C82]
	(No symbol) [0x00007FF755BCEC65]
	(No symbol) [0x00007FF755BACA7C]
	(No symbol) [0x00007FF755C3D687]
	(No symbol) [0x00007FF755C52AC1]
	(No symbol) [0x00007FF755C36D83]
	(No symbol) [0x00007FF755C083A8]
	(No symbol) [0x00007FF755C09441]
	GetHandleVerifier [0x00007FF7561C25AD+4238317]
	GetHandleVerifier [0x00007FF7561FF70D+4488525]
	GetHandleVerifier [0x00007FF7561F79EF+4456495]
	GetHandleVerifier [0x00007FF755EA0576+953270]
	(No symbol) [0x00007FF755D3E54F]
	(No symbol) [0x00007FF755D39224]
	(No symbol) [0x00007FF755D3935B]
	(No symbol) [0x00007FF755D29B94]
	BaseThreadInitThunk [0x00007FFD8CF57344+20]
	RtlUserThreadStart [0x00007FFD8ED426B1+33]

</p>
                            </td>
                        </tr>
                        <tr>
                            <td colspan="3">
                                Total: 4, Pass: 1, Error: 3 -- Duration: 77.23 s
                            </td>
                        </tr>
                    </tbody>
                </table>
            </div>
        </div>
    </div>
    <script src="https://ajax.googleapis.com/ajax/libs/jquery/2.2.4/jquery.min.js"></script>
    <script type="text/javascript">
        $(document).ready(function(){
            $('td').on('click', '.btn', function(e){
                e.preventDefault();
                e.stopImmediatePropagation();
                var $this = $(this);
                var $nextRow = $this.closest('tr').next('tr');
                $nextRow.slideToggle("fast");
                $this.text(function(i, text){
                    if (text === 'View') {
                        return 'Hide';
                    } else {
                        return 'View';
                    };
                });
            });
        });
    </script>
</body>
</html